<?xml version="1.0" encoding="UTF-8"?>
<!-- Generated by org.testng.reporters.JUnitReportReporter -->
<testsuite hostname="Jyoti" failures="0" tests="1" name="com.trello.admin.Button_Present_Verification" time="5.874" errors="0" timestamp="2024-06-14T10:31:21 IST" skipped="0">
  <testcase classname="com.trello.admin.Button_Present_Verification" name="buttonPresent" time="5.874"/>
</testsuite> <!-- com.trello.admin.Button_Present_Verification -->
