<?xml version="1.0" encoding="UTF-8"?>
<!-- Generated by org.testng.reporters.JUnitReportReporter -->
<testsuite hostname="Jyoti" failures="0" tests="1" name="com.trello.admin.FaceBook_logIn_Text_Varification" time="5.629" errors="0" timestamp="2024-06-14T10:20:44 IST" skipped="0">
  <testcase classname="com.trello.admin.FaceBook_logIn_Text_Varification" name="logButtonText" time="5.629"/>
</testsuite> <!-- com.trello.admin.FaceBook_logIn_Text_Varification -->
