<?xml version="1.0" encoding="UTF-8"?>
<!-- Generated by org.testng.reporters.JUnitReportReporter -->
<testsuite hostname="Jyoti" failures="0" tests="1" name="com.trello.admin.Buttton_IsEnable_Verification" time="9.178" errors="0" timestamp="2024-06-14T10:52:08 IST" skipped="0">
  <testcase classname="com.trello.admin.Buttton_IsEnable_Verification" name="isEnable" time="9.178"/>
</testsuite> <!-- com.trello.admin.Buttton_IsEnable_Verification -->
