<?xml version="1.0" encoding="UTF-8"?>
<!-- Generated by org.testng.reporters.JUnitReportReporter -->
<testsuite hostname="Jyoti" failures="0" tests="1" name="com.trello.admin.GoogleTitleValidate" time="6.701" errors="0" timestamp="2024-06-13T12:41:22 IST" skipped="0">
  <testcase classname="com.trello.admin.GoogleTitleValidate" name="titleValidation" time="6.701"/>
</testsuite> <!-- com.trello.admin.GoogleTitleValidate -->
