<?xml version="1.0" encoding="UTF-8"?>
<!-- Generated by org.testng.reporters.JUnitReportReporter -->
<testsuite hostname="Jyoti" failures="0" tests="1" name="com.trello.admin.Test1" time="0.017" errors="0" timestamp="2024-06-12T12:16:17 IST" skipped="0">
  <testcase classname="com.trello.admin.Test1" name="testMethod" time="0.017"/>
</testsuite> <!-- com.trello.admin.Test1 -->
