<?xml version="1.0" encoding="UTF-8"?>
<!-- Generated by org.testng.reporters.JUnitReportReporter -->
<testsuite hostname="Jyoti" failures="0" tests="1" name="com.trello.admin.Verify_The_Title" time="8.735" errors="0" timestamp="2024-06-14T09:50:40 IST" skipped="0">
  <testcase classname="com.trello.admin.Verify_The_Title" name="validatAndVarify" time="8.735"/>
</testsuite> <!-- com.trello.admin.Verify_The_Title -->
