<?xml version="1.0" encoding="UTF-8"?>
<!-- Generated by org.testng.reporters.JUnitReportReporter -->
<testsuite hostname="Jyoti" failures="0" tests="1" name="com.trello.admin.TestNg_Assertion_Methods" time="3.835" errors="0" timestamp="2024-06-14T08:45:50 IST" skipped="0">
  <testcase classname="com.trello.admin.TestNg_Assertion_Methods" name="validationMethod" time="3.835"/>
</testsuite> <!-- com.trello.admin.TestNg_Assertion_Methods -->
